2020-08-08 10:42:48.316 [ restartedMain ] - [ INFO  ] [ c.w.api.apitoolserver.ApiToolServerApplication : 55 ] - Starting ApiToolServerApplication on LAPTOP-S5OMFD0A with PID 18804 (F:\work\api-work\api-tool\api-tool-server\target\classes started by cq in F:\work\api-work\api-tool)
2020-08-08 10:42:48.321 [ restartedMain ] - [ DEBUG ] [ c.w.api.apitoolserver.ApiToolServerApplication : 56 ] - Running with Spring Boot v2.3.2.RELEASE, Spring v5.2.8.RELEASE
2020-08-08 10:42:48.322 [ restartedMain ] - [ INFO  ] [ c.w.api.apitoolserver.ApiToolServerApplication : 651 ] - No active profile set, falling back to default profiles: default
2020-08-08 10:42:50.414 [ restartedMain ] - [ INFO  ] [ org.apache.coyote.http11.Http11NioProtocol : 173 ] - Initializing ProtocolHandler ["http-nio-8888"]
2020-08-08 10:42:50.418 [ restartedMain ] - [ INFO  ] [ org.apache.catalina.core.StandardService : 173 ] - Starting service [Tomcat]
2020-08-08 10:42:50.418 [ restartedMain ] - [ INFO  ] [ org.apache.catalina.core.StandardEngine : 173 ] - Starting Servlet engine: [Apache Tomcat/9.0.37]
2020-08-08 10:42:50.584 [ restartedMain ] - [ INFO  ] [ o.a.c.c.ContainerBase.[Tomcat].[localhost].[/api] : 173 ] - Initializing Spring embedded WebApplicationContext
2020-08-08 10:42:50.947 [ restartedMain ] - [ INFO  ] [ com.alibaba.druid.pool.DruidDataSource : 930 ] - {dataSource-1} inited
2020-08-08 10:42:51.869 [ restartedMain ] - [ INFO  ] [ org.hibernate.jpa.internal.util.LogHelper : 31 ] - HHH000204: Processing PersistenceUnitInfo [name: default]
2020-08-08 10:42:51.949 [ restartedMain ] - [ INFO  ] [ org.hibernate.Version : 44 ] - HHH000412: Hibernate ORM core version 5.4.18.Final
2020-08-08 10:42:52.107 [ restartedMain ] - [ INFO  ] [ org.hibernate.annotations.common.Version : 49 ] - HCANN000001: Hibernate Commons Annotations {5.1.0.Final}
2020-08-08 10:42:52.292 [ restartedMain ] - [ INFO  ] [ org.hibernate.dialect.Dialect : 172 ] - HHH000400: Using dialect: org.hibernate.dialect.MySQL8Dialect
2020-08-08 10:42:53.354 [ restartedMain ] - [ INFO  ] [ o.h.e.t.jta.platform.internal.JtaPlatformInitiator : 52 ] - HHH000490: Using JtaPlatform implementation: [org.hibernate.engine.transaction.jta.platform.internal.NoJtaPlatform]
2020-08-08 10:42:54.515 [ restartedMain ] - [ INFO  ] [ s.d.s.w.PropertySourcedRequestMappingHandlerMapping : 69 ] - Mapped URL path [/v2/api-docs] onto method [springfox.documentation.swagger2.web.Swagger2Controller#getDocumentation(String, HttpServletRequest)]
2020-08-08 10:42:54.909 [ restartedMain ] - [ INFO  ] [ org.apache.coyote.http11.Http11NioProtocol : 173 ] - Starting ProtocolHandler ["http-nio-8888"]
2020-08-08 10:42:55.139 [ restartedMain ] - [ INFO  ] [ s.d.s.web.plugins.DocumentationPluginsBootstrapper : 160 ] - Context refreshed
2020-08-08 10:42:55.165 [ restartedMain ] - [ INFO  ] [ s.d.s.web.plugins.DocumentationPluginsBootstrapper : 163 ] - Found 1 custom documentation plugin(s)
2020-08-08 10:42:55.206 [ restartedMain ] - [ INFO  ] [ s.d.spring.web.scanners.ApiListingReferenceScanner : 41 ] - Scanning for api listing references
2020-08-08 10:42:55.484 [ restartedMain ] - [ INFO  ] [ c.w.api.apitoolserver.ApiToolServerApplication : 61 ] - Started ApiToolServerApplication in 7.954 seconds (JVM running for 10.453)
2020-08-08 10:44:12.363 [ http-nio-8888-exec-1 ] - [ INFO  ] [ o.a.c.c.ContainerBase.[Tomcat].[localhost].[/api] : 173 ] - Initializing Spring DispatcherServlet 'dispatcherServlet'
2020-08-08 10:49:54.636 [ restartedMain ] - [ INFO  ] [ c.w.api.apitoolserver.ApiToolServerApplication : 55 ] - Starting ApiToolServerApplication on LAPTOP-S5OMFD0A with PID 8884 (F:\work\api-work\api-tool\api-tool-server\target\classes started by cq in F:\work\api-work\api-tool)
2020-08-08 10:49:54.641 [ restartedMain ] - [ INFO  ] [ c.w.api.apitoolserver.ApiToolServerApplication : 651 ] - No active profile set, falling back to default profiles: default
2020-08-08 10:49:56.920 [ restartedMain ] - [ INFO  ] [ org.apache.coyote.http11.Http11NioProtocol : 173 ] - Initializing ProtocolHandler ["http-nio-8888"]
2020-08-08 10:49:56.921 [ restartedMain ] - [ INFO  ] [ org.apache.catalina.core.StandardService : 173 ] - Starting service [Tomcat]
2020-08-08 10:49:56.922 [ restartedMain ] - [ INFO  ] [ org.apache.catalina.core.StandardEngine : 173 ] - Starting Servlet engine: [Apache Tomcat/9.0.37]
2020-08-08 10:49:57.103 [ restartedMain ] - [ INFO  ] [ o.a.c.c.ContainerBase.[Tomcat].[localhost].[/api] : 173 ] - Initializing Spring embedded WebApplicationContext
2020-08-08 10:49:57.438 [ restartedMain ] - [ INFO  ] [ com.alibaba.druid.pool.DruidDataSource : 930 ] - {dataSource-1} inited
2020-08-08 10:49:59.068 [ restartedMain ] - [ INFO  ] [ org.hibernate.jpa.internal.util.LogHelper : 31 ] - HHH000204: Processing PersistenceUnitInfo [name: default]
2020-08-08 10:49:59.162 [ restartedMain ] - [ INFO  ] [ org.hibernate.Version : 44 ] - HHH000412: Hibernate ORM core version 5.4.18.Final
2020-08-08 10:49:59.357 [ restartedMain ] - [ INFO  ] [ org.hibernate.annotations.common.Version : 49 ] - HCANN000001: Hibernate Commons Annotations {5.1.0.Final}
2020-08-08 10:49:59.547 [ restartedMain ] - [ INFO  ] [ org.hibernate.dialect.Dialect : 172 ] - HHH000400: Using dialect: org.hibernate.dialect.MySQL8Dialect
2020-08-08 10:50:01.246 [ restartedMain ] - [ INFO  ] [ o.h.e.t.jta.platform.internal.JtaPlatformInitiator : 52 ] - HHH000490: Using JtaPlatform implementation: [org.hibernate.engine.transaction.jta.platform.internal.NoJtaPlatform]
2020-08-08 10:50:02.460 [ restartedMain ] - [ INFO  ] [ s.d.s.w.PropertySourcedRequestMappingHandlerMapping : 69 ] - Mapped URL path [/v2/api-docs] onto method [springfox.documentation.swagger2.web.Swagger2Controller#getDocumentation(String, HttpServletRequest)]
2020-08-08 10:50:02.870 [ restartedMain ] - [ INFO  ] [ org.apache.coyote.http11.Http11NioProtocol : 173 ] - Starting ProtocolHandler ["http-nio-8888"]
2020-08-08 10:50:03.060 [ restartedMain ] - [ INFO  ] [ s.d.s.web.plugins.DocumentationPluginsBootstrapper : 160 ] - Context refreshed
2020-08-08 10:50:03.091 [ restartedMain ] - [ INFO  ] [ s.d.s.web.plugins.DocumentationPluginsBootstrapper : 163 ] - Found 1 custom documentation plugin(s)
2020-08-08 10:50:03.136 [ restartedMain ] - [ INFO  ] [ s.d.spring.web.scanners.ApiListingReferenceScanner : 41 ] - Scanning for api listing references
2020-08-08 10:50:03.407 [ restartedMain ] - [ INFO  ] [ c.w.api.apitoolserver.ApiToolServerApplication : 61 ] - Started ApiToolServerApplication in 9.73 seconds (JVM running for 12.419)
2020-08-08 10:50:58.861 [ http-nio-8888-exec-1 ] - [ INFO  ] [ o.a.c.c.ContainerBase.[Tomcat].[localhost].[/api] : 173 ] - Initializing Spring DispatcherServlet 'dispatcherServlet'
