2020-08-21 09:15:07.305 [ restartedMain ] - [ INFO  ] [ c.w.api.apitoolserver.ApiToolServerApplication : 55 ] - Starting ApiToolServerApplication on LAPTOP-S5OMFD0A with PID 4008 (E:\api-work\api-model\api-tool\api-tool\api-tool-server\target\classes started by cq in E:\api-work\api-model\api-tool\api-tool)
2020-08-21 09:15:07.337 [ restartedMain ] - [ DEBUG ] [ c.w.api.apitoolserver.ApiToolServerApplication : 56 ] - Running with Spring Boot v2.3.2.RELEASE, Spring v5.2.8.RELEASE
2020-08-21 09:15:07.342 [ restartedMain ] - [ INFO  ] [ c.w.api.apitoolserver.ApiToolServerApplication : 651 ] - No active profile set, falling back to default profiles: default
2020-08-21 09:15:11.182 [ restartedMain ] - [ INFO  ] [ org.apache.coyote.http11.Http11NioProtocol : 173 ] - Initializing ProtocolHandler ["http-nio-8888"]
2020-08-21 09:15:11.184 [ restartedMain ] - [ INFO  ] [ org.apache.catalina.core.StandardService : 173 ] - Starting service [Tomcat]
2020-08-21 09:15:11.184 [ restartedMain ] - [ INFO  ] [ org.apache.catalina.core.StandardEngine : 173 ] - Starting Servlet engine: [Apache Tomcat/9.0.37]
2020-08-21 09:15:11.350 [ restartedMain ] - [ INFO  ] [ o.a.c.c.ContainerBase.[Tomcat].[localhost].[/api] : 173 ] - Initializing Spring embedded WebApplicationContext
2020-08-21 09:15:11.669 [ restartedMain ] - [ INFO  ] [ com.alibaba.druid.pool.DruidDataSource : 930 ] - {dataSource-1} inited
2020-08-21 09:15:13.258 [ restartedMain ] - [ INFO  ] [ org.hibernate.jpa.internal.util.LogHelper : 31 ] - HHH000204: Processing PersistenceUnitInfo [name: default]
2020-08-21 09:15:13.355 [ restartedMain ] - [ INFO  ] [ org.hibernate.Version : 44 ] - HHH000412: Hibernate ORM core version 5.4.18.Final
2020-08-21 09:15:13.548 [ restartedMain ] - [ INFO  ] [ org.hibernate.annotations.common.Version : 49 ] - HCANN000001: Hibernate Commons Annotations {5.1.0.Final}
2020-08-21 09:15:13.767 [ restartedMain ] - [ INFO  ] [ org.hibernate.dialect.Dialect : 172 ] - HHH000400: Using dialect: org.hibernate.dialect.SQLServer2008Dialect
2020-08-21 09:15:15.134 [ restartedMain ] - [ INFO  ] [ o.h.e.t.jta.platform.internal.JtaPlatformInitiator : 52 ] - HHH000490: Using JtaPlatform implementation: [org.hibernate.engine.transaction.jta.platform.internal.NoJtaPlatform]
2020-08-21 09:15:16.605 [ restartedMain ] - [ INFO  ] [ s.d.s.w.PropertySourcedRequestMappingHandlerMapping : 69 ] - Mapped URL path [/v2/api-docs] onto method [springfox.documentation.swagger2.web.Swagger2Controller#getDocumentation(String, HttpServletRequest)]
2020-08-21 09:15:17.514 [ restartedMain ] - [ INFO  ] [ org.apache.coyote.http11.Http11NioProtocol : 173 ] - Starting ProtocolHandler ["http-nio-8888"]
2020-08-21 09:15:17.552 [ restartedMain ] - [ INFO  ] [ s.d.s.web.plugins.DocumentationPluginsBootstrapper : 160 ] - Context refreshed
2020-08-21 09:15:17.588 [ restartedMain ] - [ INFO  ] [ s.d.s.web.plugins.DocumentationPluginsBootstrapper : 163 ] - Found 1 custom documentation plugin(s)
2020-08-21 09:15:17.646 [ restartedMain ] - [ INFO  ] [ s.d.spring.web.scanners.ApiListingReferenceScanner : 41 ] - Scanning for api listing references
2020-08-21 09:15:18.090 [ restartedMain ] - [ INFO  ] [ c.w.api.apitoolserver.ApiToolServerApplication : 61 ] - Started ApiToolServerApplication in 11.562 seconds (JVM running for 15.908)
2020-08-21 09:21:09.965 [ http-nio-8888-exec-1 ] - [ INFO  ] [ o.a.c.c.ContainerBase.[Tomcat].[localhost].[/api] : 173 ] - Initializing Spring DispatcherServlet 'dispatcherServlet'
2020-08-21 09:46:18.508 [ restartedMain ] - [ INFO  ] [ c.w.api.apitoolserver.ApiToolServerApplication : 55 ] - Starting ApiToolServerApplication on LAPTOP-S5OMFD0A with PID 19632 (E:\api-work\api-model\api-tool\api-tool\api-tool-server\target\classes started by cq in E:\api-work\api-model\api-tool\api-tool)
2020-08-21 09:46:18.520 [ restartedMain ] - [ DEBUG ] [ c.w.api.apitoolserver.ApiToolServerApplication : 56 ] - Running with Spring Boot v2.3.2.RELEASE, Spring v5.2.8.RELEASE
2020-08-21 09:46:18.522 [ restartedMain ] - [ INFO  ] [ c.w.api.apitoolserver.ApiToolServerApplication : 651 ] - No active profile set, falling back to default profiles: default
2020-08-21 09:46:22.517 [ restartedMain ] - [ INFO  ] [ org.apache.coyote.http11.Http11NioProtocol : 173 ] - Initializing ProtocolHandler ["http-nio-8888"]
2020-08-21 09:46:22.518 [ restartedMain ] - [ INFO  ] [ org.apache.catalina.core.StandardService : 173 ] - Starting service [Tomcat]
2020-08-21 09:46:22.518 [ restartedMain ] - [ INFO  ] [ org.apache.catalina.core.StandardEngine : 173 ] - Starting Servlet engine: [Apache Tomcat/9.0.37]
2020-08-21 09:46:22.678 [ restartedMain ] - [ INFO  ] [ o.a.c.c.ContainerBase.[Tomcat].[localhost].[/api] : 173 ] - Initializing Spring embedded WebApplicationContext
2020-08-21 09:46:23.005 [ restartedMain ] - [ INFO  ] [ com.alibaba.druid.pool.DruidDataSource : 930 ] - {dataSource-1} inited
2020-08-21 09:46:24.682 [ restartedMain ] - [ INFO  ] [ org.hibernate.jpa.internal.util.LogHelper : 31 ] - HHH000204: Processing PersistenceUnitInfo [name: default]
2020-08-21 09:46:24.781 [ restartedMain ] - [ INFO  ] [ org.hibernate.Version : 44 ] - HHH000412: Hibernate ORM core version 5.4.18.Final
2020-08-21 09:46:24.985 [ restartedMain ] - [ INFO  ] [ org.hibernate.annotations.common.Version : 49 ] - HCANN000001: Hibernate Commons Annotations {5.1.0.Final}
2020-08-21 09:46:25.193 [ restartedMain ] - [ INFO  ] [ org.hibernate.dialect.Dialect : 172 ] - HHH000400: Using dialect: org.hibernate.dialect.SQLServer2008Dialect
2020-08-21 09:46:26.705 [ restartedMain ] - [ INFO  ] [ o.h.e.t.jta.platform.internal.JtaPlatformInitiator : 52 ] - HHH000490: Using JtaPlatform implementation: [org.hibernate.engine.transaction.jta.platform.internal.NoJtaPlatform]
2020-08-21 09:46:27.916 [ restartedMain ] - [ INFO  ] [ s.d.s.w.PropertySourcedRequestMappingHandlerMapping : 69 ] - Mapped URL path [/v2/api-docs] onto method [springfox.documentation.swagger2.web.Swagger2Controller#getDocumentation(String, HttpServletRequest)]
2020-08-21 09:46:28.612 [ restartedMain ] - [ INFO  ] [ org.apache.coyote.http11.Http11NioProtocol : 173 ] - Starting ProtocolHandler ["http-nio-8888"]
2020-08-21 09:46:28.643 [ restartedMain ] - [ INFO  ] [ s.d.s.web.plugins.DocumentationPluginsBootstrapper : 160 ] - Context refreshed
2020-08-21 09:46:28.672 [ restartedMain ] - [ INFO  ] [ s.d.s.web.plugins.DocumentationPluginsBootstrapper : 163 ] - Found 1 custom documentation plugin(s)
2020-08-21 09:46:28.714 [ restartedMain ] - [ INFO  ] [ s.d.spring.web.scanners.ApiListingReferenceScanner : 41 ] - Scanning for api listing references
2020-08-21 09:46:28.990 [ restartedMain ] - [ INFO  ] [ c.w.api.apitoolserver.ApiToolServerApplication : 61 ] - Started ApiToolServerApplication in 11.296 seconds (JVM running for 14.082)
2020-08-21 09:47:05.993 [ http-nio-8888-exec-1 ] - [ INFO  ] [ o.a.c.c.ContainerBase.[Tomcat].[localhost].[/api] : 173 ] - Initializing Spring DispatcherServlet 'dispatcherServlet'
2020-08-21 09:53:58.221 [ restartedMain ] - [ INFO  ] [ c.w.api.apitoolserver.ApiToolServerApplication : 55 ] - Starting ApiToolServerApplication on LAPTOP-S5OMFD0A with PID 14192 (E:\api-work\api-model\api-tool\api-tool\api-tool-server\target\classes started by cq in E:\api-work\api-model\api-tool\api-tool)
2020-08-21 09:53:58.226 [ restartedMain ] - [ DEBUG ] [ c.w.api.apitoolserver.ApiToolServerApplication : 56 ] - Running with Spring Boot v2.3.2.RELEASE, Spring v5.2.8.RELEASE
2020-08-21 09:53:58.227 [ restartedMain ] - [ INFO  ] [ c.w.api.apitoolserver.ApiToolServerApplication : 651 ] - No active profile set, falling back to default profiles: default
2020-08-21 09:54:00.489 [ restartedMain ] - [ INFO  ] [ org.apache.coyote.http11.Http11NioProtocol : 173 ] - Initializing ProtocolHandler ["http-nio-8888"]
2020-08-21 09:54:00.491 [ restartedMain ] - [ INFO  ] [ org.apache.catalina.core.StandardService : 173 ] - Starting service [Tomcat]
2020-08-21 09:54:00.491 [ restartedMain ] - [ INFO  ] [ org.apache.catalina.core.StandardEngine : 173 ] - Starting Servlet engine: [Apache Tomcat/9.0.37]
2020-08-21 09:54:00.663 [ restartedMain ] - [ INFO  ] [ o.a.c.c.ContainerBase.[Tomcat].[localhost].[/api] : 173 ] - Initializing Spring embedded WebApplicationContext
2020-08-21 09:54:01.007 [ restartedMain ] - [ INFO  ] [ com.alibaba.druid.pool.DruidDataSource : 930 ] - {dataSource-1} inited
2020-08-21 09:54:02.491 [ restartedMain ] - [ INFO  ] [ org.hibernate.jpa.internal.util.LogHelper : 31 ] - HHH000204: Processing PersistenceUnitInfo [name: default]
2020-08-21 09:54:02.566 [ restartedMain ] - [ INFO  ] [ org.hibernate.Version : 44 ] - HHH000412: Hibernate ORM core version 5.4.18.Final
2020-08-21 09:54:02.724 [ restartedMain ] - [ INFO  ] [ org.hibernate.annotations.common.Version : 49 ] - HCANN000001: Hibernate Commons Annotations {5.1.0.Final}
2020-08-21 09:54:02.912 [ restartedMain ] - [ INFO  ] [ org.hibernate.dialect.Dialect : 172 ] - HHH000400: Using dialect: org.hibernate.dialect.SQLServer2008Dialect
2020-08-21 09:54:04.175 [ restartedMain ] - [ INFO  ] [ o.h.e.t.jta.platform.internal.JtaPlatformInitiator : 52 ] - HHH000490: Using JtaPlatform implementation: [org.hibernate.engine.transaction.jta.platform.internal.NoJtaPlatform]
2020-08-21 09:54:05.364 [ restartedMain ] - [ INFO  ] [ s.d.s.w.PropertySourcedRequestMappingHandlerMapping : 69 ] - Mapped URL path [/v2/api-docs] onto method [springfox.documentation.swagger2.web.Swagger2Controller#getDocumentation(String, HttpServletRequest)]
2020-08-21 09:54:05.891 [ restartedMain ] - [ INFO  ] [ org.apache.coyote.http11.Http11NioProtocol : 173 ] - Starting ProtocolHandler ["http-nio-8888"]
2020-08-21 09:54:05.919 [ restartedMain ] - [ INFO  ] [ s.d.s.web.plugins.DocumentationPluginsBootstrapper : 160 ] - Context refreshed
2020-08-21 09:54:05.946 [ restartedMain ] - [ INFO  ] [ s.d.s.web.plugins.DocumentationPluginsBootstrapper : 163 ] - Found 1 custom documentation plugin(s)
2020-08-21 09:54:05.986 [ restartedMain ] - [ INFO  ] [ s.d.spring.web.scanners.ApiListingReferenceScanner : 41 ] - Scanning for api listing references
2020-08-21 09:54:06.279 [ restartedMain ] - [ INFO  ] [ c.w.api.apitoolserver.ApiToolServerApplication : 61 ] - Started ApiToolServerApplication in 8.896 seconds (JVM running for 11.597)
2020-08-21 09:54:21.840 [ http-nio-8888-exec-1 ] - [ INFO  ] [ o.a.c.c.ContainerBase.[Tomcat].[localhost].[/api] : 173 ] - Initializing Spring DispatcherServlet 'dispatcherServlet'
2020-08-21 09:55:50.568 [ restartedMain ] - [ INFO  ] [ c.w.api.apitoolserver.ApiToolServerApplication : 55 ] - Starting ApiToolServerApplication on LAPTOP-S5OMFD0A with PID 17704 (E:\api-work\api-model\api-tool\api-tool\api-tool-server\target\classes started by cq in E:\api-work\api-model\api-tool\api-tool)
2020-08-21 09:55:50.574 [ restartedMain ] - [ DEBUG ] [ c.w.api.apitoolserver.ApiToolServerApplication : 56 ] - Running with Spring Boot v2.3.2.RELEASE, Spring v5.2.8.RELEASE
2020-08-21 09:55:50.575 [ restartedMain ] - [ INFO  ] [ c.w.api.apitoolserver.ApiToolServerApplication : 651 ] - No active profile set, falling back to default profiles: default
2020-08-21 09:55:52.943 [ restartedMain ] - [ INFO  ] [ org.apache.coyote.http11.Http11NioProtocol : 173 ] - Initializing ProtocolHandler ["http-nio-8888"]
2020-08-21 09:55:52.944 [ restartedMain ] - [ INFO  ] [ org.apache.catalina.core.StandardService : 173 ] - Starting service [Tomcat]
2020-08-21 09:55:52.945 [ restartedMain ] - [ INFO  ] [ org.apache.catalina.core.StandardEngine : 173 ] - Starting Servlet engine: [Apache Tomcat/9.0.37]
2020-08-21 09:55:53.138 [ restartedMain ] - [ INFO  ] [ o.a.c.c.ContainerBase.[Tomcat].[localhost].[/api] : 173 ] - Initializing Spring embedded WebApplicationContext
2020-08-21 09:55:53.573 [ restartedMain ] - [ INFO  ] [ com.alibaba.druid.pool.DruidDataSource : 930 ] - {dataSource-1} inited
2020-08-21 09:55:55.299 [ restartedMain ] - [ INFO  ] [ org.hibernate.jpa.internal.util.LogHelper : 31 ] - HHH000204: Processing PersistenceUnitInfo [name: default]
2020-08-21 09:55:55.373 [ restartedMain ] - [ INFO  ] [ org.hibernate.Version : 44 ] - HHH000412: Hibernate ORM core version 5.4.18.Final
2020-08-21 09:55:55.535 [ restartedMain ] - [ INFO  ] [ org.hibernate.annotations.common.Version : 49 ] - HCANN000001: Hibernate Commons Annotations {5.1.0.Final}
2020-08-21 09:55:55.734 [ restartedMain ] - [ INFO  ] [ org.hibernate.dialect.Dialect : 172 ] - HHH000400: Using dialect: org.hibernate.dialect.SQLServer2008Dialect
2020-08-21 09:55:57.195 [ restartedMain ] - [ INFO  ] [ o.h.e.t.jta.platform.internal.JtaPlatformInitiator : 52 ] - HHH000490: Using JtaPlatform implementation: [org.hibernate.engine.transaction.jta.platform.internal.NoJtaPlatform]
2020-08-21 09:55:58.437 [ restartedMain ] - [ INFO  ] [ s.d.s.w.PropertySourcedRequestMappingHandlerMapping : 69 ] - Mapped URL path [/v2/api-docs] onto method [springfox.documentation.swagger2.web.Swagger2Controller#getDocumentation(String, HttpServletRequest)]
2020-08-21 09:55:59.097 [ restartedMain ] - [ INFO  ] [ org.apache.coyote.http11.Http11NioProtocol : 173 ] - Starting ProtocolHandler ["http-nio-8888"]
2020-08-21 09:55:59.127 [ restartedMain ] - [ INFO  ] [ s.d.s.web.plugins.DocumentationPluginsBootstrapper : 160 ] - Context refreshed
2020-08-21 09:55:59.158 [ restartedMain ] - [ INFO  ] [ s.d.s.web.plugins.DocumentationPluginsBootstrapper : 163 ] - Found 1 custom documentation plugin(s)
2020-08-21 09:55:59.205 [ restartedMain ] - [ INFO  ] [ s.d.spring.web.scanners.ApiListingReferenceScanner : 41 ] - Scanning for api listing references
2020-08-21 09:55:59.506 [ restartedMain ] - [ INFO  ] [ c.w.api.apitoolserver.ApiToolServerApplication : 61 ] - Started ApiToolServerApplication in 9.764 seconds (JVM running for 12.311)
2020-08-21 09:56:14.061 [ http-nio-8888-exec-1 ] - [ INFO  ] [ o.a.c.c.ContainerBase.[Tomcat].[localhost].[/api] : 173 ] - Initializing Spring DispatcherServlet 'dispatcherServlet'
2020-08-21 10:03:27.721 [ restartedMain ] - [ INFO  ] [ c.w.api.apitoolserver.ApiToolServerApplication : 55 ] - Starting ApiToolServerApplication on LAPTOP-S5OMFD0A with PID 8140 (E:\api-work\api-model\api-tool\api-tool\api-tool-server\target\classes started by cq in E:\api-work\api-model\api-tool\api-tool)
2020-08-21 10:03:27.729 [ restartedMain ] - [ DEBUG ] [ c.w.api.apitoolserver.ApiToolServerApplication : 56 ] - Running with Spring Boot v2.3.2.RELEASE, Spring v5.2.8.RELEASE
2020-08-21 10:03:27.730 [ restartedMain ] - [ INFO  ] [ c.w.api.apitoolserver.ApiToolServerApplication : 651 ] - No active profile set, falling back to default profiles: default
2020-08-21 10:03:31.314 [ restartedMain ] - [ INFO  ] [ org.apache.coyote.http11.Http11NioProtocol : 173 ] - Initializing ProtocolHandler ["http-nio-8888"]
2020-08-21 10:03:31.315 [ restartedMain ] - [ INFO  ] [ org.apache.catalina.core.StandardService : 173 ] - Starting service [Tomcat]
2020-08-21 10:03:31.316 [ restartedMain ] - [ INFO  ] [ org.apache.catalina.core.StandardEngine : 173 ] - Starting Servlet engine: [Apache Tomcat/9.0.37]
2020-08-21 10:03:31.521 [ restartedMain ] - [ INFO  ] [ o.a.c.c.ContainerBase.[Tomcat].[localhost].[/api] : 173 ] - Initializing Spring embedded WebApplicationContext
2020-08-21 10:03:31.931 [ restartedMain ] - [ INFO  ] [ com.alibaba.druid.pool.DruidDataSource : 930 ] - {dataSource-1} inited
2020-08-21 10:03:33.434 [ restartedMain ] - [ INFO  ] [ org.hibernate.jpa.internal.util.LogHelper : 31 ] - HHH000204: Processing PersistenceUnitInfo [name: default]
2020-08-21 10:03:33.514 [ restartedMain ] - [ INFO  ] [ org.hibernate.Version : 44 ] - HHH000412: Hibernate ORM core version 5.4.18.Final
2020-08-21 10:03:33.691 [ restartedMain ] - [ INFO  ] [ org.hibernate.annotations.common.Version : 49 ] - HCANN000001: Hibernate Commons Annotations {5.1.0.Final}
2020-08-21 10:03:33.907 [ restartedMain ] - [ INFO  ] [ org.hibernate.dialect.Dialect : 172 ] - HHH000400: Using dialect: org.hibernate.dialect.SQLServer2008Dialect
2020-08-21 10:03:35.292 [ restartedMain ] - [ INFO  ] [ o.h.e.t.jta.platform.internal.JtaPlatformInitiator : 52 ] - HHH000490: Using JtaPlatform implementation: [org.hibernate.engine.transaction.jta.platform.internal.NoJtaPlatform]
2020-08-21 10:03:36.840 [ restartedMain ] - [ INFO  ] [ s.d.s.w.PropertySourcedRequestMappingHandlerMapping : 69 ] - Mapped URL path [/v2/api-docs] onto method [springfox.documentation.swagger2.web.Swagger2Controller#getDocumentation(String, HttpServletRequest)]
2020-08-21 10:03:37.687 [ restartedMain ] - [ INFO  ] [ org.apache.coyote.http11.Http11NioProtocol : 173 ] - Starting ProtocolHandler ["http-nio-8888"]
2020-08-21 10:03:37.727 [ restartedMain ] - [ INFO  ] [ s.d.s.web.plugins.DocumentationPluginsBootstrapper : 160 ] - Context refreshed
2020-08-21 10:03:37.764 [ restartedMain ] - [ INFO  ] [ s.d.s.web.plugins.DocumentationPluginsBootstrapper : 163 ] - Found 1 custom documentation plugin(s)
2020-08-21 10:03:37.822 [ restartedMain ] - [ INFO  ] [ s.d.spring.web.scanners.ApiListingReferenceScanner : 41 ] - Scanning for api listing references
2020-08-21 10:03:38.204 [ restartedMain ] - [ INFO  ] [ c.w.api.apitoolserver.ApiToolServerApplication : 61 ] - Started ApiToolServerApplication in 11.878 seconds (JVM running for 15.992)
2020-08-21 10:04:27.893 [ http-nio-8888-exec-1 ] - [ INFO  ] [ o.a.c.c.ContainerBase.[Tomcat].[localhost].[/api] : 173 ] - Initializing Spring DispatcherServlet 'dispatcherServlet'
2020-08-21 10:12:44.144 [ restartedMain ] - [ INFO  ] [ c.w.api.apitoolserver.ApiToolServerApplication : 55 ] - Starting ApiToolServerApplication on LAPTOP-S5OMFD0A with PID 15600 (E:\api-work\api-model\api-tool\api-tool\api-tool-server\target\classes started by cq in E:\api-work\api-model\api-tool\api-tool)
2020-08-21 10:12:44.151 [ restartedMain ] - [ DEBUG ] [ c.w.api.apitoolserver.ApiToolServerApplication : 56 ] - Running with Spring Boot v2.3.2.RELEASE, Spring v5.2.8.RELEASE
2020-08-21 10:12:44.152 [ restartedMain ] - [ INFO  ] [ c.w.api.apitoolserver.ApiToolServerApplication : 651 ] - No active profile set, falling back to default profiles: default
2020-08-21 10:12:46.407 [ restartedMain ] - [ INFO  ] [ org.apache.coyote.http11.Http11NioProtocol : 173 ] - Initializing ProtocolHandler ["http-nio-8888"]
2020-08-21 10:12:46.408 [ restartedMain ] - [ INFO  ] [ org.apache.catalina.core.StandardService : 173 ] - Starting service [Tomcat]
2020-08-21 10:12:46.408 [ restartedMain ] - [ INFO  ] [ org.apache.catalina.core.StandardEngine : 173 ] - Starting Servlet engine: [Apache Tomcat/9.0.37]
2020-08-21 10:12:46.576 [ restartedMain ] - [ INFO  ] [ o.a.c.c.ContainerBase.[Tomcat].[localhost].[/api] : 173 ] - Initializing Spring embedded WebApplicationContext
2020-08-21 10:12:46.942 [ restartedMain ] - [ INFO  ] [ com.alibaba.druid.pool.DruidDataSource : 930 ] - {dataSource-1} inited
2020-08-21 10:12:48.686 [ restartedMain ] - [ INFO  ] [ org.hibernate.jpa.internal.util.LogHelper : 31 ] - HHH000204: Processing PersistenceUnitInfo [name: default]
2020-08-21 10:12:48.783 [ restartedMain ] - [ INFO  ] [ org.hibernate.Version : 44 ] - HHH000412: Hibernate ORM core version 5.4.18.Final
2020-08-21 10:12:49.012 [ restartedMain ] - [ INFO  ] [ org.hibernate.annotations.common.Version : 49 ] - HCANN000001: Hibernate Commons Annotations {5.1.0.Final}
2020-08-21 10:12:49.224 [ restartedMain ] - [ INFO  ] [ org.hibernate.dialect.Dialect : 172 ] - HHH000400: Using dialect: org.hibernate.dialect.SQLServer2008Dialect
2020-08-21 10:12:50.427 [ restartedMain ] - [ INFO  ] [ o.h.e.t.jta.platform.internal.JtaPlatformInitiator : 52 ] - HHH000490: Using JtaPlatform implementation: [org.hibernate.engine.transaction.jta.platform.internal.NoJtaPlatform]
2020-08-21 10:12:51.689 [ restartedMain ] - [ INFO  ] [ s.d.s.w.PropertySourcedRequestMappingHandlerMapping : 69 ] - Mapped URL path [/v2/api-docs] onto method [springfox.documentation.swagger2.web.Swagger2Controller#getDocumentation(String, HttpServletRequest)]
2020-08-21 10:12:52.377 [ restartedMain ] - [ INFO  ] [ org.apache.coyote.http11.Http11NioProtocol : 173 ] - Starting ProtocolHandler ["http-nio-8888"]
2020-08-21 10:12:52.407 [ restartedMain ] - [ INFO  ] [ s.d.s.web.plugins.DocumentationPluginsBootstrapper : 160 ] - Context refreshed
2020-08-21 10:12:52.435 [ restartedMain ] - [ INFO  ] [ s.d.s.web.plugins.DocumentationPluginsBootstrapper : 163 ] - Found 1 custom documentation plugin(s)
2020-08-21 10:12:52.477 [ restartedMain ] - [ INFO  ] [ s.d.spring.web.scanners.ApiListingReferenceScanner : 41 ] - Scanning for api listing references
2020-08-21 10:12:52.763 [ restartedMain ] - [ INFO  ] [ c.w.api.apitoolserver.ApiToolServerApplication : 61 ] - Started ApiToolServerApplication in 9.473 seconds (JVM running for 13.31)
2020-08-21 10:17:11.666 [ http-nio-8888-exec-1 ] - [ INFO  ] [ o.a.c.c.ContainerBase.[Tomcat].[localhost].[/api] : 173 ] - Initializing Spring DispatcherServlet 'dispatcherServlet'
2020-08-21 10:18:04.060 [ Thread-17 ] - [ INFO  ] [ com.alibaba.druid.pool.DruidDataSource : 1825 ] - {dataSource-1} closed
2020-08-21 10:18:04.454 [ restartedMain ] - [ INFO  ] [ c.w.api.apitoolserver.ApiToolServerApplication : 55 ] - Starting ApiToolServerApplication on LAPTOP-S5OMFD0A with PID 15600 (E:\api-work\api-model\api-tool\api-tool\api-tool-server\target\classes started by cq in E:\api-work\api-model\api-tool\api-tool)
2020-08-21 10:18:04.454 [ restartedMain ] - [ DEBUG ] [ c.w.api.apitoolserver.ApiToolServerApplication : 56 ] - Running with Spring Boot v2.3.2.RELEASE, Spring v5.2.8.RELEASE
2020-08-21 10:18:04.455 [ restartedMain ] - [ INFO  ] [ c.w.api.apitoolserver.ApiToolServerApplication : 651 ] - No active profile set, falling back to default profiles: default
2020-08-21 10:18:08.187 [ restartedMain ] - [ INFO  ] [ c.w.api.apitoolserver.ApiToolServerApplication : 55 ] - Starting ApiToolServerApplication on LAPTOP-S5OMFD0A with PID 15600 (E:\api-work\api-model\api-tool\api-tool\api-tool-server\target\classes started by cq in E:\api-work\api-model\api-tool\api-tool)
2020-08-21 10:18:08.189 [ restartedMain ] - [ DEBUG ] [ c.w.api.apitoolserver.ApiToolServerApplication : 56 ] - Running with Spring Boot v2.3.2.RELEASE, Spring v5.2.8.RELEASE
2020-08-21 10:18:08.190 [ restartedMain ] - [ INFO  ] [ c.w.api.apitoolserver.ApiToolServerApplication : 651 ] - No active profile set, falling back to default profiles: default
2020-08-21 10:18:09.297 [ restartedMain ] - [ INFO  ] [ org.apache.coyote.http11.Http11NioProtocol : 173 ] - Initializing ProtocolHandler ["http-nio-8888"]
2020-08-21 10:18:09.298 [ restartedMain ] - [ INFO  ] [ org.apache.catalina.core.StandardService : 173 ] - Starting service [Tomcat]
2020-08-21 10:18:09.298 [ restartedMain ] - [ INFO  ] [ org.apache.catalina.core.StandardEngine : 173 ] - Starting Servlet engine: [Apache Tomcat/9.0.37]
2020-08-21 10:18:09.335 [ restartedMain ] - [ INFO  ] [ o.a.c.c.ContainerBase.[Tomcat].[localhost].[/api] : 173 ] - Initializing Spring embedded WebApplicationContext
2020-08-21 10:18:09.426 [ restartedMain ] - [ INFO  ] [ com.alibaba.druid.pool.DruidDataSource : 930 ] - {dataSource-2} inited
2020-08-21 10:18:09.592 [ restartedMain ] - [ INFO  ] [ org.hibernate.jpa.internal.util.LogHelper : 31 ] - HHH000204: Processing PersistenceUnitInfo [name: default]
2020-08-21 10:18:09.607 [ restartedMain ] - [ INFO  ] [ org.hibernate.dialect.Dialect : 172 ] - HHH000400: Using dialect: org.hibernate.dialect.SQLServer2008Dialect
2020-08-21 10:18:09.908 [ restartedMain ] - [ INFO  ] [ o.h.e.t.jta.platform.internal.JtaPlatformInitiator : 52 ] - HHH000490: Using JtaPlatform implementation: [org.hibernate.engine.transaction.jta.platform.internal.NoJtaPlatform]
2020-08-21 10:18:10.091 [ restartedMain ] - [ INFO  ] [ com.alibaba.druid.pool.DruidDataSource : 1825 ] - {dataSource-2} closed
2020-08-21 10:18:10.092 [ restartedMain ] - [ INFO  ] [ org.apache.catalina.core.StandardService : 173 ] - Stopping service [Tomcat]
2020-08-21 10:18:12.765 [ restartedMain ] - [ INFO  ] [ c.w.api.apitoolserver.ApiToolServerApplication : 55 ] - Starting ApiToolServerApplication on LAPTOP-S5OMFD0A with PID 15600 (E:\api-work\api-model\api-tool\api-tool\api-tool-server\target\classes started by cq in E:\api-work\api-model\api-tool\api-tool)
2020-08-21 10:18:12.765 [ restartedMain ] - [ DEBUG ] [ c.w.api.apitoolserver.ApiToolServerApplication : 56 ] - Running with Spring Boot v2.3.2.RELEASE, Spring v5.2.8.RELEASE
2020-08-21 10:18:12.765 [ restartedMain ] - [ INFO  ] [ c.w.api.apitoolserver.ApiToolServerApplication : 651 ] - No active profile set, falling back to default profiles: default
2020-08-21 10:18:13.731 [ restartedMain ] - [ INFO  ] [ org.apache.coyote.http11.Http11NioProtocol : 173 ] - Initializing ProtocolHandler ["http-nio-8888"]
2020-08-21 10:18:13.731 [ restartedMain ] - [ INFO  ] [ org.apache.catalina.core.StandardService : 173 ] - Starting service [Tomcat]
2020-08-21 10:18:13.732 [ restartedMain ] - [ INFO  ] [ org.apache.catalina.core.StandardEngine : 173 ] - Starting Servlet engine: [Apache Tomcat/9.0.37]
2020-08-21 10:18:13.779 [ restartedMain ] - [ INFO  ] [ o.a.c.c.C.[Tomcat-1].[localhost].[/api] : 173 ] - Initializing Spring embedded WebApplicationContext
2020-08-21 10:18:13.875 [ restartedMain ] - [ INFO  ] [ com.alibaba.druid.pool.DruidDataSource : 930 ] - {dataSource-3} inited
2020-08-21 10:18:14.097 [ restartedMain ] - [ INFO  ] [ org.hibernate.jpa.internal.util.LogHelper : 31 ] - HHH000204: Processing PersistenceUnitInfo [name: default]
2020-08-21 10:18:14.112 [ restartedMain ] - [ INFO  ] [ org.hibernate.dialect.Dialect : 172 ] - HHH000400: Using dialect: org.hibernate.dialect.SQLServer2008Dialect
2020-08-21 10:18:14.501 [ restartedMain ] - [ INFO  ] [ o.h.e.t.jta.platform.internal.JtaPlatformInitiator : 52 ] - HHH000490: Using JtaPlatform implementation: [org.hibernate.engine.transaction.jta.platform.internal.NoJtaPlatform]
2020-08-21 10:18:14.509 [ restartedMain ] - [ INFO  ] [ com.alibaba.druid.pool.DruidDataSource : 1825 ] - {dataSource-3} closed
2020-08-21 10:18:14.511 [ restartedMain ] - [ INFO  ] [ org.apache.catalina.core.StandardService : 173 ] - Stopping service [Tomcat]
2020-08-21 10:18:18.729 [ restartedMain ] - [ INFO  ] [ c.w.api.apitoolserver.ApiToolServerApplication : 55 ] - Starting ApiToolServerApplication on LAPTOP-S5OMFD0A with PID 15600 (E:\api-work\api-model\api-tool\api-tool\api-tool-server\target\classes started by cq in E:\api-work\api-model\api-tool\api-tool)
2020-08-21 10:18:18.730 [ restartedMain ] - [ DEBUG ] [ c.w.api.apitoolserver.ApiToolServerApplication : 56 ] - Running with Spring Boot v2.3.2.RELEASE, Spring v5.2.8.RELEASE
2020-08-21 10:18:18.731 [ restartedMain ] - [ INFO  ] [ c.w.api.apitoolserver.ApiToolServerApplication : 651 ] - No active profile set, falling back to default profiles: default
2020-08-21 10:18:20.948 [ restartedMain ] - [ INFO  ] [ org.apache.coyote.http11.Http11NioProtocol : 173 ] - Initializing ProtocolHandler ["http-nio-8888"]
2020-08-21 10:18:20.950 [ restartedMain ] - [ INFO  ] [ org.apache.catalina.core.StandardService : 173 ] - Starting service [Tomcat]
2020-08-21 10:18:20.952 [ restartedMain ] - [ INFO  ] [ org.apache.catalina.core.StandardEngine : 173 ] - Starting Servlet engine: [Apache Tomcat/9.0.37]
2020-08-21 10:18:21.065 [ restartedMain ] - [ INFO  ] [ o.a.c.c.C.[Tomcat-2].[localhost].[/api] : 173 ] - Initializing Spring embedded WebApplicationContext
2020-08-21 10:18:21.244 [ restartedMain ] - [ INFO  ] [ com.alibaba.druid.pool.DruidDataSource : 930 ] - {dataSource-4} inited
2020-08-21 10:18:21.823 [ restartedMain ] - [ INFO  ] [ org.hibernate.jpa.internal.util.LogHelper : 31 ] - HHH000204: Processing PersistenceUnitInfo [name: default]
2020-08-21 10:18:21.861 [ restartedMain ] - [ INFO  ] [ org.hibernate.dialect.Dialect : 172 ] - HHH000400: Using dialect: org.hibernate.dialect.SQLServer2008Dialect
2020-08-21 10:18:22.498 [ restartedMain ] - [ INFO  ] [ o.h.e.t.jta.platform.internal.JtaPlatformInitiator : 52 ] - HHH000490: Using JtaPlatform implementation: [org.hibernate.engine.transaction.jta.platform.internal.NoJtaPlatform]
2020-08-21 10:18:23.129 [ restartedMain ] - [ INFO  ] [ s.d.s.w.PropertySourcedRequestMappingHandlerMapping : 69 ] - Mapped URL path [/v2/api-docs] onto method [springfox.documentation.swagger2.web.Swagger2Controller#getDocumentation(String, HttpServletRequest)]
2020-08-21 10:18:23.371 [ restartedMain ] - [ INFO  ] [ org.apache.coyote.http11.Http11NioProtocol : 173 ] - Starting ProtocolHandler ["http-nio-8888"]
2020-08-21 10:18:23.376 [ restartedMain ] - [ INFO  ] [ s.d.s.web.plugins.DocumentationPluginsBootstrapper : 160 ] - Context refreshed
2020-08-21 10:18:23.378 [ restartedMain ] - [ INFO  ] [ s.d.s.web.plugins.DocumentationPluginsBootstrapper : 163 ] - Found 1 custom documentation plugin(s)
2020-08-21 10:18:23.385 [ restartedMain ] - [ INFO  ] [ s.d.spring.web.scanners.ApiListingReferenceScanner : 41 ] - Scanning for api listing references
2020-08-21 10:18:23.397 [ restartedMain ] - [ INFO  ] [ c.w.api.apitoolserver.ApiToolServerApplication : 61 ] - Started ApiToolServerApplication in 4.909 seconds (JVM running for 343.945)
2020-08-21 10:18:27.002 [ Thread-26 ] - [ INFO  ] [ com.alibaba.druid.pool.DruidDataSource : 1825 ] - {dataSource-4} closed
2020-08-21 10:18:27.302 [ restartedMain ] - [ INFO  ] [ c.w.api.apitoolserver.ApiToolServerApplication : 55 ] - Starting ApiToolServerApplication on LAPTOP-S5OMFD0A with PID 15600 (E:\api-work\api-model\api-tool\api-tool\api-tool-server\target\classes started by cq in E:\api-work\api-model\api-tool\api-tool)
2020-08-21 10:18:27.302 [ restartedMain ] - [ DEBUG ] [ c.w.api.apitoolserver.ApiToolServerApplication : 56 ] - Running with Spring Boot v2.3.2.RELEASE, Spring v5.2.8.RELEASE
2020-08-21 10:18:27.302 [ restartedMain ] - [ INFO  ] [ c.w.api.apitoolserver.ApiToolServerApplication : 651 ] - No active profile set, falling back to default profiles: default
2020-08-21 10:18:28.079 [ restartedMain ] - [ INFO  ] [ org.apache.coyote.http11.Http11NioProtocol : 173 ] - Initializing ProtocolHandler ["http-nio-8888"]
2020-08-21 10:18:28.080 [ restartedMain ] - [ INFO  ] [ org.apache.catalina.core.StandardService : 173 ] - Starting service [Tomcat]
2020-08-21 10:18:28.080 [ restartedMain ] - [ INFO  ] [ org.apache.catalina.core.StandardEngine : 173 ] - Starting Servlet engine: [Apache Tomcat/9.0.37]
2020-08-21 10:18:28.111 [ restartedMain ] - [ INFO  ] [ o.a.c.c.C.[Tomcat-2].[localhost].[/api] : 173 ] - Initializing Spring embedded WebApplicationContext
2020-08-21 10:18:28.160 [ restartedMain ] - [ INFO  ] [ com.alibaba.druid.pool.DruidDataSource : 930 ] - {dataSource-5} inited
2020-08-21 10:18:28.325 [ restartedMain ] - [ INFO  ] [ org.hibernate.jpa.internal.util.LogHelper : 31 ] - HHH000204: Processing PersistenceUnitInfo [name: default]
2020-08-21 10:18:28.335 [ restartedMain ] - [ INFO  ] [ org.hibernate.dialect.Dialect : 172 ] - HHH000400: Using dialect: org.hibernate.dialect.SQLServer2008Dialect
2020-08-21 10:18:28.628 [ restartedMain ] - [ INFO  ] [ o.h.e.t.jta.platform.internal.JtaPlatformInitiator : 52 ] - HHH000490: Using JtaPlatform implementation: [org.hibernate.engine.transaction.jta.platform.internal.NoJtaPlatform]
2020-08-21 10:18:29.051 [ restartedMain ] - [ INFO  ] [ s.d.s.w.PropertySourcedRequestMappingHandlerMapping : 69 ] - Mapped URL path [/v2/api-docs] onto method [springfox.documentation.swagger2.web.Swagger2Controller#getDocumentation(String, HttpServletRequest)]
2020-08-21 10:18:29.215 [ restartedMain ] - [ INFO  ] [ org.apache.coyote.http11.Http11NioProtocol : 173 ] - Starting ProtocolHandler ["http-nio-8888"]
2020-08-21 10:18:29.218 [ restartedMain ] - [ INFO  ] [ s.d.s.web.plugins.DocumentationPluginsBootstrapper : 160 ] - Context refreshed
2020-08-21 10:18:29.220 [ restartedMain ] - [ INFO  ] [ s.d.s.web.plugins.DocumentationPluginsBootstrapper : 163 ] - Found 1 custom documentation plugin(s)
2020-08-21 10:18:29.227 [ restartedMain ] - [ INFO  ] [ s.d.spring.web.scanners.ApiListingReferenceScanner : 41 ] - Scanning for api listing references
2020-08-21 10:18:29.300 [ restartedMain ] - [ INFO  ] [ c.w.api.apitoolserver.ApiToolServerApplication : 61 ] - Started ApiToolServerApplication in 2.08 seconds (JVM running for 349.848)
